    1  ls
    2  wget www.github.com
    3  ls
    4  git
    5  git status
    6  git version
    7  git config --global user.email "you@example.com"
    8  git config --global user.email "yelinwu1232gmail.com"
    9  git config --global user.name "yelinwu123gmail.com"
   10  git config --global user.name "yelinwu123@gmail.com"
   11  git config --global user.name "laurindaaa"
   12  mkdir sampleProject
   13  ls
   14  cd sampleProject/
   15  touch sampleFile.txt
   16  ls
   17  git init
   18  git add .
   19  git status
   20  git config --global user.email "yelinwu123@gmail.com"
   21  git config --global user.name "laurindaaa"
   22  cd ~/.ssh && ssh-keygen
   23  mkdir ~/.ssh
   24  cd ~/.ssh && ssh-keygen
   25  cat id_rsa.pub
   26  cd ~/.ssh && ssh-keygen
   27  The key fingerprint is:
   28  git remote add origin git@github.com:khanchandaniashish/DemoRepoForCS131.git (replace with your repo link)
   29  git version
   30  ls
   31  cd sampleProject/
   32  ls
   33  cat sampleFile.txt 
   34  git status
   35  cat id_rsa.pub
   36  cd ~/.ssh && ssh-keygen
   37  ls -al ~/.ssh
   38  cat id_rsa.pub
   39  cat id_rsa.pub ~/.ssh
   40  cd ~/.ssh && ssh-keygen
   41  cat ~/.ssh/id_rsa.pub
   42  cd ~/.ssh
   43  ls
   44  cat ''$'\r''cat id_rsa.pub'
   45  ''$'\r''cat id_rsa.pub.pub'
   46  cat ''$'\r''cat id_rsa.pub.pub'
   47  ls
   48  cd
   49  ls
   50  cd sampleProject/
   51  git status
   52  git remote add origin github.com/laurindaaa/sampleProject.git
   53  git commit -m "sample project"
   54  git push --set-upstream origin master
   55  sudo git push --set-upstream origin master
   56  git push --set-upstream origin master
   57  git push -u origin main
   58  git status
   59  git remote add origin https://github.com/laurindaaa/sampleProject.git
   60  git push -u origin main
   61  git log
   62  git push --set-upstream origin master
   63  git push
   64  git push --set-upstream origin master
   65  cd
   66  ls
   67  mkdir cs131
   68  ls
   69  cd cs131/
   70  history>cmds.log
   71  ls
   72  cat cmds.log
   73  ls
   74  cd
   75  ls
   76  rm -r cs131/
   77  ls
   78  mkdir Worksheet1
   79  cd Worksheet1/
   80  ls
   81  history > cmds.log
   82  ls
   83  git init
   84  git commit -m "workSheet1 cmds log"
   85  git branch -M main
   86  git remote add origin https://github.com/laurindaaa/cs131.git
   87  git push -u origin main
   88  git branch -b
   89  git branch
   90  git checkout -b Main
   91  git branch
   92  git branch -b
   93  git branch
   94  git push -u origin main
   95  git remote add origin https://github.com/laurindaaa/cs131.git
   96  git branch -M main
   97  git push -u origin main
   98  git commit -m "initial commit"
   99  git add .
  100  git status
  101  git push -u origin main
  102  git status
  103  git log
  104  cd
  105  ls
  106  rm -r Worksheet1/
  107  ls
  108  rm -r Worksheet1
  109  ls
  110  mkdir Worksheet1
  111  cd Worksheet1/
  112  history > cmds.log
  113  ls
  114  git init
  115  git config --global init.defaultBranch master
  116  git branch
  117  git status
  118  git commit -m "first commit"
  119  git status
  120  git commit -m "first commit"
  121  git add .
  122  git status
  123  git commit -m "first commit"
  124  git remote add origin https://github.com/laurindaaa/cs131.git
  125  git push -u origin main
  126  git branch -M main
  127  git remote add origin https://github.com/laurindaaa/cs131.git
  128  git push -u origin main
  129  git config --global user.emial"yelinwu123@gmail.com"
  130  git config --global user.name "laurindaaa"
  131  git push -u origin main
  132  git config -l
  133  git push -u origin main
  134  git status
  135  git push -u origin main
  136  cd
  137  ls
  138  cd Worksheet1/
  139  ls
  140  rm -r cmds.log 
  141  mkdir Worksheet1
  142  ls
  143  cd Worksheet1/
  144  history > cmds.log
  145  git add .
  146  git commit "first commit"
  147  git init
  148  git add .
  149  git commit "first commit"
  150  git status
  151  git commit -m "first commit"
  152  git push -u origin main
  153  git remote add origin https://github.com/laurindaaa/cs131.git
  154  git push -u origin main
  155  git status
  156  git branch
  157  git checkout master
  158  git push -u origin master
  159  ls
  160  cd ..
  161  ls
  162  git add .
  163  git commit -m "first commit"
  164  git push -u origin master
  165  git branch
  166  git push -u origin main
  167  ls
  168  cd Worksheet1/
  169  ls
  170  cd
  171  ls
  172  mkdir workspace
  173  cd workspace/
  174  ls
  175  git clone https://github.com/laurindaaa/cs131.git
  176  ls
  177  cd cs131/
  178  ls
  179  mkdir Assignment1
  180  ls
  181  cd Assignment1/
  182  ls
  183  touch Assignment1.txt
  184  ls
  185  echo $SHELL
  186  echo $HOME
  187  id
  188  mkdir myDir
  189  ls
  190  chmod u-w myDir/
  191  cd myDir/
  192  ls
  193  pwd
  194  ls -l
  195  touch test.txt
  196  cd..
  197  cd ..
  198  ls
  199  mkdir myDir2
  200  ls
  201  mkdir myDir3
  202  cd myDir2
  203  touch myFile.txt
  204  mv myFile.txt ../myDir3
  205  cd ..
  206  ls
  207  cd myDir
  208  cd myDir3
  209  cd ..
  210  ls
  211  cd myDir3
  212  ls
  213  free -m
  214  cat /etc/os-release
  215  pwd
  216  cd ..
  217  ls -l /etc/os-release 
  218  history > cmds.log
