    1  git version
    2  ls
    3  cd sampleProject/
    4  ls
    5  cat sampleFile.txt 
    6  git status
    7  cat id_rsa.pub
    8  cd ~/.ssh && ssh-keygen
    9  ls -al ~/.ssh
   10  cat id_rsa.pub
   11  cat id_rsa.pub ~/.ssh
   12  cd ~/.ssh && ssh-keygen
   13  cat ~/.ssh/id_rsa.pub
   14  cd ~/.ssh
   15  ls
   16  cat ''$'\r''cat id_rsa.pub'
   17  ''$'\r''cat id_rsa.pub.pub'
   18  cat ''$'\r''cat id_rsa.pub.pub'
   19  ls
   20  cd
   21  ls
   22  cd sampleProject/
   23  git status
   24  git remote add origin github.com/laurindaaa/sampleProject.git
   25  git commit -m "sample project"
   26  git push --set-upstream origin master
   27  sudo git push --set-upstream origin master
   28  git push --set-upstream origin master
   29  git push -u origin main
   30  git status
   31  git remote add origin https://github.com/laurindaaa/sampleProject.git
   32  git push -u origin main
   33  git log
   34  git push --set-upstream origin master
   35  git push
   36  git push --set-upstream origin master
   37  cd
   38  ls
   39  mkdir cs131
   40  ls
   41  cd cs131/
   42  history>cmds.log
   43  ls
   44  cat cmds.log
   45  ls
   46  cd
   47  ls
   48  rm -r cs131/
   49  ls
   50  mkdir Worksheet1
   51  cd Worksheet1/
   52  ls
   53  history > cmds.log
   54  ls
   55  git init
   56  git commit -m "workSheet1 cmds log"
   57  git branch -M main
   58  git remote add origin https://github.com/laurindaaa/cs131.git
   59  git push -u origin main
   60  git branch -b
   61  git branch
   62  git checkout -b Main
   63  git branch
   64  git branch -b
   65  git branch
   66  git push -u origin main
   67  git remote add origin https://github.com/laurindaaa/cs131.git
   68  git branch -M main
   69  git push -u origin main
   70  git commit -m "initial commit"
   71  git add .
   72  git status
   73  git push -u origin main
   74  git status
   75  git log
   76  cd
   77  ls
   78  rm -r Worksheet1/
   79  ls
   80  rm -r Worksheet1
   81  ls
   82  mkdir Worksheet1
   83  cd Worksheet1/
   84  history > cmds.log
   85  ls
   86  git init
   87  git config --global init.defaultBranch master
   88  git branch
   89  git status
   90  git commit -m "first commit"
   91  git status
   92  git commit -m "first commit"
   93  git add .
   94  git status
   95  git commit -m "first commit"
   96  git remote add origin https://github.com/laurindaaa/cs131.git
   97  git push -u origin main
   98  git branch -M main
   99  git remote add origin https://github.com/laurindaaa/cs131.git
  100  git push -u origin main
  101  git config --global user.emial"yelinwu123@gmail.com"
  102  git config --global user.name "laurindaaa"
  103  git push -u origin main
  104  git config -l
  105  git push -u origin main
  106  git status
  107  git push -u origin main
  108  cd
  109  ls
  110  cd Worksheet1/
  111  ls
  112  rm -r cmds.log 
  113  mkdir Worksheet1
  114  ls
  115  cd Worksheet1/
  116  history > cmds.log
